Microsoft (R) Macro Assembler Version 6.15.8803		    09/12/01 10:23:56
The addem Subroutine    (addem.asm)			     Page 1 - 1


				title The addem Subroutine    (addem.asm)

				; This subroutine links to Visual C++ 6.0.

				.386P
				.model flat
				public _addem

 00000000			.code
 00000000			_addem proc near
 00000000  55			    push   ebp
 00000001  8B EC		    mov    ebp,esp
 00000003  8B 45 10		    mov    eax,[ebp+16]    ; first argument
 00000006  03 45 0C		    add    eax,[ebp+12]    ; second argument
 00000009  03 45 08		    add    eax,[ebp+8]     ; third argument
 0000000C  5D			    pop    ebp
 0000000D  C3			    ret                   
 0000000E			_addem endp
				end

Microsoft (R) Macro Assembler Version 6.15.8803		    09/12/01 10:23:56
The addem Subroutine    (addem.asm)			     Symbols 2 - 1




Segments and Groups:

                N a m e                 Size     Length   Align   Combine Class

FLAT . . . . . . . . . . . . . .	GROUP
_DATA  . . . . . . . . . . . . .	32 Bit	 00000000 DWord	  Public  'DATA'	
_TEXT  . . . . . . . . . . . . .	32 Bit	 0000000E DWord	  Public  'CODE'	


Procedures,  parameters and locals:

                N a m e                 Type     Value    Attr

_addem . . . . . . . . . . . . .	P Near	 00000000 _TEXT	Length= 0000000E Public


Symbols:

                N a m e                 Type     Value    Attr

@CodeSize  . . . . . . . . . . .	Number	 00000000h   
@DataSize  . . . . . . . . . . .	Number	 00000000h   
@Interface . . . . . . . . . . .	Number	 00000000h   
@Model . . . . . . . . . . . . .	Number	 00000007h   
@code  . . . . . . . . . . . . .	Text   	 _TEXT
@data  . . . . . . . . . . . . .	Text   	 FLAT
@fardata?  . . . . . . . . . . .	Text   	 FLAT
@fardata . . . . . . . . . . . .	Text   	 FLAT
@stack . . . . . . . . . . . . .	Text   	 FLAT

	   0 Warnings
	   0 Errors
