Build started 11/20/2013 5:34:00 PM.
     1>Project "D:\Asmbook 7\examples\ch08\32 bit\ModSum32_traditional\ModSum\ModSum.vcxproj" on node 2 (Rebuild target(s)).
     1>_MASM:
         Assembling _arrysum.asm...
         cmd.exe /C "C:\Users\Kip\AppData\Local\Temp\tmp31c00258f2074b3bb1c725b6c18a0463.cmd"
         ml.exe /c /nologo /Zi /Fo"Debug\_arrysum.obj" /I "c:\irvine" /W3 /errorReport:prompt  /Ta_arrysum.asm
       _MASM:
         Assembling _display.asm...
         cmd.exe /C "C:\Users\Kip\AppData\Local\Temp\tmpcc14add78c944de4b949fa923bd7285f.cmd"
         ml.exe /c /nologo /Zi /Fo"Debug\_display.obj" /I "c:\irvine" /W3 /errorReport:prompt  /Ta_display.asm
       _MASM:
         Assembling _prompt.asm...
         cmd.exe /C "C:\Users\Kip\AppData\Local\Temp\tmp27144e5e9ae34250a7f7e7c3585271f0.cmd"
         ml.exe /c /nologo /Zi /Fo"Debug\_prompt.obj" /I "c:\irvine" /W3 /errorReport:prompt  /Ta_prompt.asm
       _MASM:
         Assembling Sum_main.asm...
         cmd.exe /C "C:\Users\Kip\AppData\Local\Temp\tmp2432b7862bc84d7289705e0c98a42855.cmd"
         ml.exe /c /nologo /Zi /Fo"Debug\Sum_main.obj" /I "c:\irvine" /W3 /errorReport:prompt  /TaSum_main.asm
       Link:
         C:\Program Files\Microsoft Visual Studio 11.0\VC\bin\link.exe /ERRORREPORT:PROMPT /OUT:"D:\Asmbook 7\examples\ch08\32 bit\ModSum32_traditional\ModSum\Debug\ModSum.exe" /NOLOGO c:\Irvine\Irvine32.lib user32.lib kernel32.lib user32.lib gdi32.lib winspool.lib comdlg32.lib advapi32.lib shell32.lib ole32.lib oleaut32.lib uuid.lib odbc32.lib odbccp32.lib /MANIFEST /MANIFESTUAC:"level='asInvoker' uiAccess='false'" /manifest:embed /DEBUG /PDB:"D:\Asmbook 7\examples\ch08\32 bit\ModSum32_traditional\ModSum\Debug\ModSum.pdb" /SUBSYSTEM:CONSOLE /TLBID:1 /DYNAMICBASE:NO /IMPLIB:"D:\Asmbook 7\examples\ch08\32 bit\ModSum32_traditional\ModSum\Debug\ModSum.lib" /MACHINE:X86 /SAFESEH:NO Debug\_arrysum.obj
         Debug\_display.obj
         Debug\_prompt.obj
         Debug\Sum_main.obj
         ModSum.vcxproj -> D:\Asmbook 7\examples\ch08\32 bit\ModSum32_traditional\ModSum\Debug\ModSum.exe
     1>Done Building Project "D:\Asmbook 7\examples\ch08\32 bit\ModSum32_traditional\ModSum\ModSum.vcxproj" (Rebuild target(s)).

Build succeeded.

Time Elapsed 00:00:00.62
